<?xml version="1.0" encoding="UTF-8"?>
<!-- Generated by org.testng.reporters.JUnitXMLReporter -->
<testsuite ignored="0" hostname="LTIN192298" failures="0" tests="8" name="test" time="195.63" errors="0" timestamp="2024-02-08T11:27:54 IST">
  <testcase classname="testCases.TC001_Location" name="locationCountry" time="31.432"/>
  <testcase classname="testCases.TC001_Location" name="locationCity" time="20.092"/>
  <testcase classname="testCases.TC002_SearchandFind" name="searchCarWash" time="22.036"/>
  <testcase classname="testCases.TC002_SearchandFind" name="carWashDetails" time="72.784"/>
  <testcase classname="testCases.TC003_FreeListing" name="clickfreelisting" time="2.658"/>
  <testcase classname="testCases.TC003_FreeListing" name="freeListingLogin" time="8.589"/>
  <testcase classname="testCases.TC004_GymCategory" name="clickGym" time="1.685"/>
  <testcase classname="testCases.TC004_GymCategory" name="displayCategories" time="6.545"/>
</testsuite> <!-- test -->
